<?xml version="1.0" encoding="UTF-8"?>
<testng-results ignored="0" total="1" passed="1" failed="0" skipped="0">
  <reporter-output>
  </reporter-output>
  <suite started-at="2022-05-15T15:46:44 IST" name="Default suite" finished-at="2022-05-15T15:47:16 IST" duration-ms="32620">
    <groups>
    </groups>
    <test started-at="2022-05-15T15:46:44 IST" name="Default test" finished-at="2022-05-15T15:47:16 IST" duration-ms="32620">
      <class name="ord.assignmnet.Assigment1">
        <test-method signature="demoTest()[pri:0, instance:ord.assignmnet.Assigment1@543588e6]" started-at="2022-05-15T15:46:44 IST" name="demoTest" finished-at="2022-05-15T15:47:16 IST" duration-ms="32564" status="PASS">
          <reporter-output>
          </reporter-output>
        </test-method> <!-- demoTest -->
      </class> <!-- ord.assignmnet.Assigment1 -->
    </test> <!-- Default test -->
  </suite> <!-- Default suite -->
</testng-results>
